<?xml version="1.0" encoding="UTF-8"?>
<testsuite xmlns:xsi="http://www.w3.org/2001/XMLSchema-instance" xsi:noNamespaceSchemaLocation="https://maven.apache.org/surefire/maven-surefire-plugin/xsd/surefire-test-report-3.0.xsd" version="3.0" name="testRunner.TestRunner" time="35.769" tests="1" errors="1" skipped="0" failures="0">
  <properties>
[...]
</properties>
  <testcase name="TC_ETE_01 The respective error message should be displayed" classname="TS_007 End to End test based on the requirement" time="31.567">
    <error message="no such element: Unable to locate element: {&quot;method&quot;:&quot;xpath&quot;,&quot;selector&quot;:&quot;/html[1]/body[1]/div[2]/div[1]/div[1]/main[1]/div[1]/div[1]/div[1]/div[1]/div[1]/div[1]/div[1]/div[1]/div[1]/div[2]/div[1]/div[2]/div[1]/label[1]/span[1]/span[1]/input[1]&quot;}&#10;  (Session info: chrome=120.0.6099.130)&#10;For documentation on this error, please visit: https://www.selenium.dev/documentation/webdriver/troubleshooting/errors#no-such-element-exception&#10;Build info: version: &apos;4.18.1&apos;, revision: &apos;b1d3319b48&apos;&#10;System info: os.name: &apos;Windows 11&apos;, os.arch: &apos;amd64&apos;, os.version: &apos;10.0&apos;, java.version: &apos;17.0.2&apos;&#10;Driver info: org.openqa.selenium.chrome.ChromeDriver&#10;Command: [a1a2e6c25cec2cba92ae3cb53285690e, findElement {using=xpath, value=/html[1]/body[1]/div[2]/div[1]/div[1]/main[1]/div[1]/div[1]/div[1]/div[1]/div[1]/div[1]/div[1]/div[1]/div[1]/div[2]/div[1]/div[2]/div[1]/label[1]/span[1]/span[1]/input[1]}]&#10;Capabilities {acceptInsecureCerts: false, browserName: chrome, browserVersion: 120.0.6099.130, chrome: {chromedriverVersion: 120.0.6099.109 (3419140ab66..., userDataDir: C:\Windows\SystemTemp\scope...}, fedcm:accounts: true, goog:chromeOptions: {debuggerAddress: localhost:49821}, networkConnectionEnabled: false, pageLoadStrategy: normal, platformName: windows, proxy: Proxy(), se:cdp: ws://localhost:49821/devtoo..., se:cdpVersion: 120.0.6099.130, setWindowRect: true, strictFileInteractability: false, timeouts: {implicit: 0, pageLoad: 300000, script: 30000}, unhandledPromptBehavior: dismiss and notify, webauthn:extension:credBlob: true, webauthn:extension:largeBlob: true, webauthn:extension:minPinLength: true, webauthn:extension:prf: true, webauthn:virtualAuthenticators: true}&#10;Session ID: a1a2e6c25cec2cba92ae3cb53285690e" type="org.openqa.selenium.NoSuchElementException"><![CDATA[org.openqa.selenium.NoSuchElementException: 
no such element: Unable to locate element: {"method":"xpath","selector":"/html[1]/body[1]/div[2]/div[1]/div[1]/main[1]/div[1]/div[1]/div[1]/div[1]/div[1]/div[1]/div[1]/div[1]/div[1]/div[2]/div[1]/div[2]/div[1]/label[1]/span[1]/span[1]/input[1]"}
  (Session info: chrome=120.0.6099.130)
For documentation on this error, please visit: https://www.selenium.dev/documentation/webdriver/troubleshooting/errors#no-such-element-exception
Build info: version: '4.18.1', revision: 'b1d3319b48'
System info: os.name: 'Windows 11', os.arch: 'amd64', os.version: '10.0', java.version: '17.0.2'
Driver info: org.openqa.selenium.chrome.ChromeDriver
Command: [a1a2e6c25cec2cba92ae3cb53285690e, findElement {using=xpath, value=/html[1]/body[1]/div[2]/div[1]/div[1]/main[1]/div[1]/div[1]/div[1]/div[1]/div[1]/div[1]/div[1]/div[1]/div[1]/div[2]/div[1]/div[2]/div[1]/label[1]/span[1]/span[1]/input[1]}]
Capabilities {acceptInsecureCerts: false, browserName: chrome, browserVersion: 120.0.6099.130, chrome: {chromedriverVersion: 120.0.6099.109 (3419140ab66..., userDataDir: C:\Windows\SystemTemp\scope...}, fedcm:accounts: true, goog:chromeOptions: {debuggerAddress: localhost:49821}, networkConnectionEnabled: false, pageLoadStrategy: normal, platformName: windows, proxy: Proxy(), se:cdp: ws://localhost:49821/devtoo..., se:cdpVersion: 120.0.6099.130, setWindowRect: true, strictFileInteractability: false, timeouts: {implicit: 0, pageLoad: 300000, script: 30000}, unhandledPromptBehavior: dismiss and notify, webauthn:extension:credBlob: true, webauthn:extension:largeBlob: true, webauthn:extension:minPinLength: true, webauthn:extension:prf: true, webauthn:virtualAuthenticators: true}
Session ID: a1a2e6c25cec2cba92ae3cb53285690e
	at java.base/jdk.internal.reflect.NativeConstructorAccessorImpl.newInstance0(Native Method)
	at java.base/jdk.internal.reflect.NativeConstructorAccessorImpl.newInstance(NativeConstructorAccessorImpl.java:77)
	at java.base/jdk.internal.reflect.DelegatingConstructorAccessorImpl.newInstance(DelegatingConstructorAccessorImpl.java:45)
	at java.base/java.lang.reflect.Constructor.newInstanceWithCaller(Constructor.java:499)
	at java.base/java.lang.reflect.Constructor.newInstance(Constructor.java:480)
	at org.openqa.selenium.remote.ErrorCodec.decode(ErrorCodec.java:167)
	at org.openqa.selenium.remote.codec.w3c.W3CHttpResponseCodec.decode(W3CHttpResponseCodec.java:138)
	at org.openqa.selenium.remote.codec.w3c.W3CHttpResponseCodec.decode(W3CHttpResponseCodec.java:50)
	at org.openqa.selenium.remote.HttpCommandExecutor.execute(HttpCommandExecutor.java:190)
	at org.openqa.selenium.remote.service.DriverCommandExecutor.invokeExecute(DriverCommandExecutor.java:216)
	at org.openqa.selenium.remote.service.DriverCommandExecutor.execute(DriverCommandExecutor.java:174)
	at org.openqa.selenium.remote.RemoteWebDriver.execute(RemoteWebDriver.java:519)
	at org.openqa.selenium.remote.ElementLocation$ElementFinder$2.findElement(ElementLocation.java:165)
	at org.openqa.selenium.remote.ElementLocation.findElement(ElementLocation.java:59)
	at org.openqa.selenium.remote.RemoteWebDriver.findElement(RemoteWebDriver.java:356)
	at org.openqa.selenium.remote.RemoteWebDriver.findElement(RemoteWebDriver.java:350)
	at org.openqa.selenium.support.pagefactory.DefaultElementLocator.findElement(DefaultElementLocator.java:68)
	at org.openqa.selenium.support.pagefactory.internal.LocatingElementHandler.invoke(LocatingElementHandler.java:38)
	at jdk.proxy2/jdk.proxy2.$Proxy37.click(Unknown Source)
	at pageObjects.WebDevPage.clickEnglishCheckBox(WebDevPage.java:81)
	at stepDefinitions.TC_ETE_01.click_english_language_checkbox(TC_ETE_01.java:36)
	at ✽.Click English Language checkbox(file:///C:/Users/2318705/eclipse-workspace/Hackathon_Final_Project/./Features/TS_007_End_to_End_test_based_on_the_requirement.feature:6)
]]></error>
    <system-out><![CDATA[
Scenario: TC_ETE_01 The respective error message should be displayed   # Features/TS_007_End_to_End_test_based_on_the_requirement.feature:4
  Given Search for "Web Development Courses"                           # stepDefinitions.TC_FTC_01.search_for(java.lang.String)
  Then Click English Language checkbox                                 # stepDefinitions.TC_ETE_01.click_english_language_checkbox()
      org.openqa.selenium.NoSuchElementException: no such element: Unable to locate element: {"method":"xpath","selector":"/html[1]/body[1]/div[2]/div[1]/div[1]/main[1]/div[1]/div[1]/div[1]/div[1]/div[1]/div[1]/div[1]/div[1]/div[1]/div[2]/div[1]/div[2]/div[1]/label[1]/span[1]/span[1]/input[1]"}
  (Session info: chrome=120.0.6099.130)
For documentation on this error, please visit: https://www.selenium.dev/documentation/webdriver/troubleshooting/errors#no-such-element-exception
Build info: version: '4.18.1', revision: 'b1d3319b48'
System info: os.name: 'Windows 11', os.arch: 'amd64', os.version: '10.0', java.version: '17.0.2'
Driver info: org.openqa.selenium.chrome.ChromeDriver
Command: [a1a2e6c25cec2cba92ae3cb53285690e, findElement {using=xpath, value=/html[1]/body[1]/div[2]/div[1]/div[1]/main[1]/div[1]/div[1]/div[1]/div[1]/div[1]/div[1]/div[1]/div[1]/div[1]/div[2]/div[1]/div[2]/div[1]/label[1]/span[1]/span[1]/input[1]}]
Capabilities {acceptInsecureCerts: false, browserName: chrome, browserVersion: 120.0.6099.130, chrome: {chromedriverVersion: 120.0.6099.109 (3419140ab66..., userDataDir: C:\Windows\SystemTemp\scope...}, fedcm:accounts: true, goog:chromeOptions: {debuggerAddress: localhost:49821}, networkConnectionEnabled: false, pageLoadStrategy: normal, platformName: windows, proxy: Proxy(), se:cdp: ws://localhost:49821/devtoo..., se:cdpVersion: 120.0.6099.130, setWindowRect: true, strictFileInteractability: false, timeouts: {implicit: 0, pageLoad: 300000, script: 30000}, unhandledPromptBehavior: dismiss and notify, webauthn:extension:credBlob: true, webauthn:extension:largeBlob: true, webauthn:extension:minPinLength: true, webauthn:extension:prf: true, webauthn:virtualAuthenticators: true}
Session ID: a1a2e6c25cec2cba92ae3cb53285690e
	at java.base/jdk.internal.reflect.NativeConstructorAccessorImpl.newInstance0(Native Method)
	at java.base/jdk.internal.reflect.NativeConstructorAccessorImpl.newInstance(NativeConstructorAccessorImpl.java:77)
	at java.base/jdk.internal.reflect.DelegatingConstructorAccessorImpl.newInstance(DelegatingConstructorAccessorImpl.java:45)
	at java.base/java.lang.reflect.Constructor.newInstanceWithCaller(Constructor.java:499)
	at java.base/java.lang.reflect.Constructor.newInstance(Constructor.java:480)
	at org.openqa.selenium.remote.ErrorCodec.decode(ErrorCodec.java:167)
	at org.openqa.selenium.remote.codec.w3c.W3CHttpResponseCodec.decode(W3CHttpResponseCodec.java:138)
	at org.openqa.selenium.remote.codec.w3c.W3CHttpResponseCodec.decode(W3CHttpResponseCodec.java:50)
	at org.openqa.selenium.remote.HttpCommandExecutor.execute(HttpCommandExecutor.java:190)
	at org.openqa.selenium.remote.service.DriverCommandExecutor.invokeExecute(DriverCommandExecutor.java:216)
	at org.openqa.selenium.remote.service.DriverCommandExecutor.execute(DriverCommandExecutor.java:174)
	at org.openqa.selenium.remote.RemoteWebDriver.execute(RemoteWebDriver.java:519)
	at org.openqa.selenium.remote.ElementLocation$ElementFinder$2.findElement(ElementLocation.java:165)
	at org.openqa.selenium.remote.ElementLocation.findElement(ElementLocation.java:59)
	at org.openqa.selenium.remote.RemoteWebDriver.findElement(RemoteWebDriver.java:356)
	at org.openqa.selenium.remote.RemoteWebDriver.findElement(RemoteWebDriver.java:350)
	at org.openqa.selenium.support.pagefactory.DefaultElementLocator.findElement(DefaultElementLocator.java:68)
	at org.openqa.selenium.support.pagefactory.internal.LocatingElementHandler.invoke(LocatingElementHandler.java:38)
	at jdk.proxy2/jdk.proxy2.$Proxy37.click(Unknown Source)
	at pageObjects.WebDevPage.clickEnglishCheckBox(WebDevPage.java:81)
	at stepDefinitions.TC_ETE_01.click_english_language_checkbox(TC_ETE_01.java:36)
	at âœ½.Click English Language checkbox(file:///C:/Users/2318705/eclipse-workspace/Hackathon_Final_Project/./Features/TS_007_End_to_End_test_based_on_the_requirement.feature:6)

  And Click Beginners level checkbox                                   # stepDefinitions.TC_ETE_01.click_beginners_level_checkbox()
  Then Click the first course                                          # stepDefinitions.TC_FTC_01.click_the_first_course()
  And Extract the First course name, total learning hours and rating   # stepDefinitions.TC_ETE_01.extract_the_first_course_name_total_learning_hours_and_rating()
  When Click the second course                                         # stepDefinitions.TC_FTC_03.click_the_second_course()
  And Extract the Second course names, total learning hours and rating # stepDefinitions.TC_ETE_01.extract_the_second_course_names_total_learning_hours_and_rating()
  And Clear Search                                                     # stepDefinitions.TC_LLS_01.clear_search()
  When Enter "Language Learning" data to the search box                # stepDefinitions.TC_LLS_01.enter_data_to_the_search_box(java.lang.String)
  And Click Search sButton                                             # stepDefinitions.TC_LLS_01.click_search_s_button()
  Then Click seeAll in language tag                                    # stepDefinitions.TC_ETE_01.click_see_all_in_language_tag()
  And Extract all the languages with count                             # stepDefinitions.TC_ETE_01.extract_all_the_languages_with_count()
  And Close the seeAll                                                 # stepDefinitions.TC_ETE_01.close_the_see_all()
  And Extract Different levels with count                              # stepDefinitions.TC_ETE_01.extract_different_levels_with_count()
  And Return to Home Page                                              # stepDefinitions.TC_ETE_01.return_to_home_page()
  And Go to For Enterprise                                             # stepDefinitions.TC_ETE_01.go_to_for_enterprise()
  And Look for Ready to transform form                                 # stepDefinitions.TC_ETE_01.look_for_ready_to_transform_form()
  And Fill the form with credentials with invalid email                # stepDefinitions.TC_ETE_01.fill_the_form_with_credentials_with_invalid_email()
  And Click Register sbutton                                           # stepDefinitions.TC_ETE_01.click_register_sbutton()
  And Capture the error message and display                            # stepDefinitions.TC_ETE_01.capture_the_error_message_and_display()

    Embedding TC_ETE_01 The respective error message should be displayed [image/png 107527 bytes]

]]></system-out>
  </testcase>
</testsuite>